# JRE version: Java(TM) SE Runtime Environment (7.0_71-b14) (build 1.7.0_71-b14)
# Java VM: Java HotSpot(TM) Client VM (24.71-b01 mixed mode, sharing windows-x86 )
Heap
 def new generation   total 4928K, used 2645K [0x24800000, 0x24d50000, 0x29d50000)
  eden space 4416K,  48% used [0x24800000, 0x24a15420, 0x24c50000)
  from space 512K, 100% used [0x24c50000, 0x24cd0000, 0x24cd0000)
  to   space 512K,   0% used [0x24cd0000, 0x24cd0000, 0x24d50000)
 tenured generation   total 10944K, used 1192K [0x29d50000, 0x2a800000, 0x34800000)
   the space 10944K,  10% used [0x29d50000, 0x29e7a140, 0x29e7a200, 0x2a800000)
 compacting perm gen  total 12288K, used 1837K [0x34800000, 0x35400000, 0x38800000)
   the space 12288K,  14% used [0x34800000, 0x349cb490, 0x349cb600, 0x35400000)
    ro space 10240K,  42% used [0x38800000, 0x38c34e48, 0x38c35000, 0x39200000)
    rw space 12288K,  51% used [0x39200000, 0x3983aac0, 0x3983ac00, 0x39e00000)
GC Heap History (4 events):
Event: 1.918 GC heap before
{Heap before GC invocations=0 (full 0):
 def new generation   total 4928K, used 4416K [0x24800000, 0x24d50000, 0x29d50000)
  eden space 4416K, 100% used [0x24800000, 0x24c50000, 0x24c50000)
  from space 512K,   0% used [0x24c50000, 0x24c50000, 0x24cd0000)
  to   space 512K,   0% used [0x24cd0000, 0x24cd0000, 0x24d50000)
 tenured generation   total 10944K, used 0K [0x29d50000, 0x2a800000, 0x34800000)
   the space 10944K,   0% used [0x29d50000, 0x29d50000, 0x29d50200, 0x2a800000)
 compacting perm gen  total 12288K, used 1044K [0x34800000, 0x35400000, 0x38800000)
   the space 12288K,   8% used [0x34800000, 0x34905228, 0x34905400, 0x35400000)
    ro space 10240K,  42% used [0x38800000, 0x38c34e48, 0x38c35000, 0x39200000)
    rw space 12288K,  51% used [0x39200000, 0x3983aac0, 0x3983ac00, 0x39e00000)
Event: 1.920 GC heap after
Heap after GC invocations=1 (full 0):
 def new generation   total 4928K, used 512K [0x24800000, 0x24d50000, 0x29d50000)
  eden space 4416K,   0% used [0x24800000, 0x24800000, 0x24c50000)
  from space 512K, 100% used [0x24cd0000, 0x24d50000, 0x24d50000)
  to   space 512K,   0% used [0x24c50000, 0x24c50000, 0x24cd0000)
 tenured generation   total 10944K, used 643K [0x29d50000, 0x2a800000, 0x34800000)
   the space 10944K,   5% used [0x29d50000, 0x29df0de8, 0x29df0e00, 0x2a800000)
 compacting perm gen  total 12288K, used 1044K [0x34800000, 0x35400000, 0x38800000)
   the space 12288K,   8% used [0x34800000, 0x34905228, 0x34905400, 0x35400000)
    ro space 10240K,  42% used [0x38800000, 0x38c34e48, 0x38c35000, 0x39200000)
    rw space 12288K,  51% used [0x39200000, 0x3983aac0, 0x3983ac00, 0x39e00000)
}
Event: 184.411 GC heap before
{Heap before GC invocations=1 (full 0):
 def new generation   total 4928K, used 4889K [0x24800000, 0x24d50000, 0x29d50000)
  eden space 4416K,  99% used [0x24800000, 0x24c465e0, 0x24c50000)
  from space 512K, 100% used [0x24cd0000, 0x24d50000, 0x24d50000)
  to   space 512K,   0% used [0x24c50000, 0x24c50000, 0x24cd0000)
 tenured generation   total 10944K, used 643K [0x29d50000, 0x2a800000, 0x34800000)
   the space 10944K,   5% used [0x29d50000, 0x29df0de8, 0x29df0e00, 0x2a800000)
 compacting perm gen  total 12288K, used 1593K [0x34800000, 0x35400000, 0x38800000)
   the space 12288K,  12% used [0x34800000, 0x3498e568, 0x3498e600, 0x35400000)
    ro space 10240K,  42% used [0x38800000, 0x38c34e48, 0x38c35000, 0x39200000)
    rw space 12288K,  51% used [0x39200000, 0x3983aac0, 0x3983ac00, 0x39e00000)
Event: 184.413 GC heap after
Heap after GC invocations=2 (full 0):
 def new generation   total 4928K, used 512K [0x24800000, 0x24d50000, 0x29d50000)
  eden space 4416K,   0% used [0x24800000, 0x24800000, 0x24c50000)
  from space 512K, 100% used [0x24c50000, 0x24cd0000, 0x24cd0000)
  to   space 512K,   0% used [0x24cd0000, 0x24cd0000, 0x24d50000)
 tenured generation   total 10944K, used 1192K [0x29d50000, 0x2a800000, 0x34800000)
   the space 10944K,  10% used [0x29d50000, 0x29e7a140, 0x29e7a200, 0x2a800000)
 compacting perm gen  total 12288K, used 1593K [0x34800000, 0x35400000, 0x38800000)
   the space 12288K,  12% used [0x34800000, 0x3498e568, 0x3498e600, 0x35400000)
    ro space 10240K,  42% used [0x38800000, 0x38c34e48, 0x38c35000, 0x39200000)
    rw space 12288K,  51% used [0x39200000, 0x3983aac0, 0x3983ac00, 0x39e00000)
}

